0 info it worked if it ends with ok
1 verbose cli [ '/usr/local/bin/node', '/usr/local/bin/npm', 'start' ]
2 info using npm@4.1.2
3 info using node@v7.6.0
4 verbose run-script [ 'prestart', 'start', 'poststart' ]
5 info lifecycle book_back@1.0.0~prestart: book_back@1.0.0
6 silly lifecycle book_back@1.0.0~prestart: no script for prestart, continuing
7 info lifecycle book_back@1.0.0~start: book_back@1.0.0
8 verbose lifecycle book_back@1.0.0~start: unsafe-perm in lifecycle true
9 verbose lifecycle book_back@1.0.0~start: PATH: /usr/local/lib/node_modules/npm/bin/node-gyp-bin:/Users/finch/WebstormProjects/book_app/backend/node_modules/.bin:/opt/local/bin:/opt/local/sbin:/Users/finch/.jenv/bin:/Users/finch/.rvm/gems/ruby-2.3.1/bin:/Users/finch/.rvm/gems/ruby-2.3.1@global/bin:/Users/finch/.rvm/rubies/ruby-2.3.1/bin:/Library/Java/JavaVirtualMachines/jdk1.8.0_111.jdk/Contents/Home/bin:/bin:/usr/local/bin:/usr/bin:/bin:/usr/sbin:/sbin:/Users/finch/.rvm/bin:/Users/finch/gradle/bin
10 verbose lifecycle book_back@1.0.0~start: CWD: /Users/finch/WebstormProjects/book_app/backend
11 silly lifecycle book_back@1.0.0~start: Args: [ '-c', 'npm run serve ' ]
12 silly lifecycle book_back@1.0.0~start: Returned: code: 1  signal: null
13 info lifecycle book_back@1.0.0~start: Failed to exec start script
14 verbose stack Error: book_back@1.0.0 start: `npm run serve `
14 verbose stack Exit status 1
14 verbose stack     at EventEmitter.<anonymous> (/usr/local/lib/node_modules/npm/lib/utils/lifecycle.js:279:16)
14 verbose stack     at emitTwo (events.js:106:13)
14 verbose stack     at EventEmitter.emit (events.js:192:7)
14 verbose stack     at ChildProcess.<anonymous> (/usr/local/lib/node_modules/npm/lib/utils/spawn.js:40:14)
14 verbose stack     at emitTwo (events.js:106:13)
14 verbose stack     at ChildProcess.emit (events.js:192:7)
14 verbose stack     at maybeClose (internal/child_process.js:890:16)
14 verbose stack     at Process.ChildProcess._handle.onexit (internal/child_process.js:226:5)
15 verbose pkgid book_back@1.0.0
16 verbose cwd /Users/finch/WebstormProjects/book_app/backend
17 error Darwin 16.7.0
18 error argv "/usr/local/bin/node" "/usr/local/bin/npm" "start"
19 error node v7.6.0
20 error npm  v4.1.2
21 error code ELIFECYCLE
22 error book_back@1.0.0 start: `npm run serve `
22 error Exit status 1
23 error Failed at the book_back@1.0.0 start script 'npm run serve '.
23 error Make sure you have the latest version of node.js and npm installed.
23 error If you do, this is most likely a problem with the book_back package,
23 error not with npm itself.
23 error Tell the author that this fails on your system:
23 error     npm run serve
23 error You can get information on how to open an issue for this project with:
23 error     npm bugs book_back
23 error Or if that isn't available, you can get their info via:
23 error     npm owner ls book_back
23 error There is likely additional logging output above.
24 verbose exit [ 1, true ]
